INFO [2025-09-16 10:10:47] [[1]]
INFO [2025-09-16 10:10:47] x
INFO [2025-09-16 10:10:47] 
INFO [2025-09-16 10:10:47] $filename
INFO [2025-09-16 10:10:47] filename
INFO [2025-09-16 10:10:47] 
INFO [2025-09-16 10:10:47] $col
INFO [2025-09-16 10:10:47] col
INFO [2025-09-16 10:10:47] 
INFO [2025-09-16 10:10:47] $fill
INFO [2025-09-16 10:10:47] mycol[seq_len(n)]
INFO [2025-09-16 10:10:47] 
INFO [2025-09-16 10:10:47] $alpha
INFO [2025-09-16 10:10:47] alpha
INFO [2025-09-16 10:10:47] 
INFO [2025-09-16 10:10:47] $cex
INFO [2025-09-16 10:10:47] cex
INFO [2025-09-16 10:10:47] 
INFO [2025-09-16 10:10:47] $cat.col
INFO [2025-09-16 10:10:47] mycol[seq_len(n)]
INFO [2025-09-16 10:10:47] 
INFO [2025-09-16 10:10:47] $cat.cex
INFO [2025-09-16 10:10:47] cat.cex
INFO [2025-09-16 10:10:47] 
INFO [2025-09-16 10:10:47] $cat.fontface
INFO [2025-09-16 10:10:47] cat.fontface
INFO [2025-09-16 10:10:47] 
INFO [2025-09-16 10:10:47] $margin
INFO [2025-09-16 10:10:47] margin
INFO [2025-09-16 10:10:47] 
