INFO [2025-09-16 10:10:51] [[1]]
INFO [2025-09-16 10:10:51] x
INFO [2025-09-16 10:10:51] 
INFO [2025-09-16 10:10:51] $filename
INFO [2025-09-16 10:10:51] filename
INFO [2025-09-16 10:10:51] 
INFO [2025-09-16 10:10:51] $col
INFO [2025-09-16 10:10:51] col
INFO [2025-09-16 10:10:51] 
INFO [2025-09-16 10:10:51] $fill
INFO [2025-09-16 10:10:51] mycol[seq_len(n)]
INFO [2025-09-16 10:10:51] 
INFO [2025-09-16 10:10:51] $alpha
INFO [2025-09-16 10:10:51] alpha
INFO [2025-09-16 10:10:51] 
INFO [2025-09-16 10:10:51] $cex
INFO [2025-09-16 10:10:51] cex
INFO [2025-09-16 10:10:51] 
INFO [2025-09-16 10:10:51] $cat.col
INFO [2025-09-16 10:10:51] mycol[seq_len(n)]
INFO [2025-09-16 10:10:51] 
INFO [2025-09-16 10:10:51] $cat.cex
INFO [2025-09-16 10:10:51] cat.cex
INFO [2025-09-16 10:10:51] 
INFO [2025-09-16 10:10:51] $cat.fontface
INFO [2025-09-16 10:10:51] cat.fontface
INFO [2025-09-16 10:10:51] 
INFO [2025-09-16 10:10:51] $margin
INFO [2025-09-16 10:10:51] margin
INFO [2025-09-16 10:10:51] 
