INFO [2025-09-16 10:13:05] [[1]]
INFO [2025-09-16 10:13:05] x
INFO [2025-09-16 10:13:05] 
INFO [2025-09-16 10:13:05] $filename
INFO [2025-09-16 10:13:05] filename
INFO [2025-09-16 10:13:05] 
INFO [2025-09-16 10:13:05] $col
INFO [2025-09-16 10:13:05] col
INFO [2025-09-16 10:13:05] 
INFO [2025-09-16 10:13:05] $fill
INFO [2025-09-16 10:13:05] mycol[seq_len(n)]
INFO [2025-09-16 10:13:05] 
INFO [2025-09-16 10:13:05] $alpha
INFO [2025-09-16 10:13:05] alpha
INFO [2025-09-16 10:13:05] 
INFO [2025-09-16 10:13:05] $cex
INFO [2025-09-16 10:13:05] cex
INFO [2025-09-16 10:13:05] 
INFO [2025-09-16 10:13:05] $cat.col
INFO [2025-09-16 10:13:05] mycol[seq_len(n)]
INFO [2025-09-16 10:13:05] 
INFO [2025-09-16 10:13:05] $cat.cex
INFO [2025-09-16 10:13:05] cat.cex
INFO [2025-09-16 10:13:05] 
INFO [2025-09-16 10:13:05] $cat.fontface
INFO [2025-09-16 10:13:05] cat.fontface
INFO [2025-09-16 10:13:05] 
INFO [2025-09-16 10:13:05] $margin
INFO [2025-09-16 10:13:05] margin
INFO [2025-09-16 10:13:05] 
