INFO [2025-09-16 10:13:43] [[1]]
INFO [2025-09-16 10:13:43] x
INFO [2025-09-16 10:13:43] 
INFO [2025-09-16 10:13:43] $filename
INFO [2025-09-16 10:13:43] filename
INFO [2025-09-16 10:13:43] 
INFO [2025-09-16 10:13:43] $col
INFO [2025-09-16 10:13:43] col
INFO [2025-09-16 10:13:43] 
INFO [2025-09-16 10:13:43] $fill
INFO [2025-09-16 10:13:43] mycol[seq_len(n)]
INFO [2025-09-16 10:13:43] 
INFO [2025-09-16 10:13:43] $alpha
INFO [2025-09-16 10:13:43] alpha
INFO [2025-09-16 10:13:43] 
INFO [2025-09-16 10:13:43] $cex
INFO [2025-09-16 10:13:43] cex
INFO [2025-09-16 10:13:43] 
INFO [2025-09-16 10:13:43] $cat.col
INFO [2025-09-16 10:13:43] mycol[seq_len(n)]
INFO [2025-09-16 10:13:43] 
INFO [2025-09-16 10:13:43] $cat.cex
INFO [2025-09-16 10:13:43] cat.cex
INFO [2025-09-16 10:13:43] 
INFO [2025-09-16 10:13:43] $cat.fontface
INFO [2025-09-16 10:13:43] cat.fontface
INFO [2025-09-16 10:13:43] 
INFO [2025-09-16 10:13:43] $margin
INFO [2025-09-16 10:13:43] margin
INFO [2025-09-16 10:13:43] 
