INFO [2025-09-16 10:11:45] [[1]]
INFO [2025-09-16 10:11:45] x
INFO [2025-09-16 10:11:45] 
INFO [2025-09-16 10:11:45] $filename
INFO [2025-09-16 10:11:45] filename
INFO [2025-09-16 10:11:45] 
INFO [2025-09-16 10:11:45] $col
INFO [2025-09-16 10:11:45] col
INFO [2025-09-16 10:11:45] 
INFO [2025-09-16 10:11:45] $fill
INFO [2025-09-16 10:11:45] mycol[seq_len(n)]
INFO [2025-09-16 10:11:45] 
INFO [2025-09-16 10:11:45] $alpha
INFO [2025-09-16 10:11:45] alpha
INFO [2025-09-16 10:11:45] 
INFO [2025-09-16 10:11:45] $cex
INFO [2025-09-16 10:11:45] cex
INFO [2025-09-16 10:11:45] 
INFO [2025-09-16 10:11:45] $cat.col
INFO [2025-09-16 10:11:45] mycol[seq_len(n)]
INFO [2025-09-16 10:11:45] 
INFO [2025-09-16 10:11:45] $cat.cex
INFO [2025-09-16 10:11:45] cat.cex
INFO [2025-09-16 10:11:45] 
INFO [2025-09-16 10:11:45] $cat.fontface
INFO [2025-09-16 10:11:45] cat.fontface
INFO [2025-09-16 10:11:45] 
INFO [2025-09-16 10:11:45] $margin
INFO [2025-09-16 10:11:45] margin
INFO [2025-09-16 10:11:45] 
