INFO [2025-09-16 10:14:06] [[1]]
INFO [2025-09-16 10:14:06] x
INFO [2025-09-16 10:14:06] 
INFO [2025-09-16 10:14:06] $filename
INFO [2025-09-16 10:14:06] filename
INFO [2025-09-16 10:14:06] 
INFO [2025-09-16 10:14:06] $col
INFO [2025-09-16 10:14:06] col
INFO [2025-09-16 10:14:06] 
INFO [2025-09-16 10:14:06] $fill
INFO [2025-09-16 10:14:06] mycol[seq_len(n)]
INFO [2025-09-16 10:14:06] 
INFO [2025-09-16 10:14:06] $alpha
INFO [2025-09-16 10:14:06] alpha
INFO [2025-09-16 10:14:06] 
INFO [2025-09-16 10:14:06] $cex
INFO [2025-09-16 10:14:06] cex
INFO [2025-09-16 10:14:06] 
INFO [2025-09-16 10:14:06] $cat.col
INFO [2025-09-16 10:14:06] mycol[seq_len(n)]
INFO [2025-09-16 10:14:06] 
INFO [2025-09-16 10:14:06] $cat.cex
INFO [2025-09-16 10:14:06] cat.cex
INFO [2025-09-16 10:14:06] 
INFO [2025-09-16 10:14:06] $cat.fontface
INFO [2025-09-16 10:14:06] cat.fontface
INFO [2025-09-16 10:14:06] 
INFO [2025-09-16 10:14:06] $margin
INFO [2025-09-16 10:14:06] margin
INFO [2025-09-16 10:14:06] 
