INFO [2025-09-24 15:46:25] [[1]]
INFO [2025-09-24 15:46:25] x
INFO [2025-09-24 15:46:25] 
INFO [2025-09-24 15:46:25] $filename
INFO [2025-09-24 15:46:25] filename
INFO [2025-09-24 15:46:25] 
INFO [2025-09-24 15:46:25] $col
INFO [2025-09-24 15:46:25] col
INFO [2025-09-24 15:46:25] 
INFO [2025-09-24 15:46:25] $fill
INFO [2025-09-24 15:46:25] mycol[seq_len(n)]
INFO [2025-09-24 15:46:25] 
INFO [2025-09-24 15:46:25] $alpha
INFO [2025-09-24 15:46:25] alpha
INFO [2025-09-24 15:46:25] 
INFO [2025-09-24 15:46:25] $cex
INFO [2025-09-24 15:46:25] cex
INFO [2025-09-24 15:46:25] 
INFO [2025-09-24 15:46:25] $cat.col
INFO [2025-09-24 15:46:25] mycol[seq_len(n)]
INFO [2025-09-24 15:46:25] 
INFO [2025-09-24 15:46:25] $cat.cex
INFO [2025-09-24 15:46:25] cat.cex
INFO [2025-09-24 15:46:25] 
INFO [2025-09-24 15:46:25] $cat.fontface
INFO [2025-09-24 15:46:25] cat.fontface
INFO [2025-09-24 15:46:25] 
INFO [2025-09-24 15:46:25] $margin
INFO [2025-09-24 15:46:25] margin
INFO [2025-09-24 15:46:25] 
