INFO [2025-09-16 10:13:46] [[1]]
INFO [2025-09-16 10:13:46] x
INFO [2025-09-16 10:13:46] 
INFO [2025-09-16 10:13:46] $filename
INFO [2025-09-16 10:13:46] filename
INFO [2025-09-16 10:13:46] 
INFO [2025-09-16 10:13:46] $col
INFO [2025-09-16 10:13:46] col
INFO [2025-09-16 10:13:46] 
INFO [2025-09-16 10:13:46] $fill
INFO [2025-09-16 10:13:46] mycol[seq_len(n)]
INFO [2025-09-16 10:13:46] 
INFO [2025-09-16 10:13:46] $alpha
INFO [2025-09-16 10:13:46] alpha
INFO [2025-09-16 10:13:46] 
INFO [2025-09-16 10:13:46] $cex
INFO [2025-09-16 10:13:46] cex
INFO [2025-09-16 10:13:46] 
INFO [2025-09-16 10:13:46] $cat.col
INFO [2025-09-16 10:13:46] mycol[seq_len(n)]
INFO [2025-09-16 10:13:46] 
INFO [2025-09-16 10:13:46] $cat.cex
INFO [2025-09-16 10:13:46] cat.cex
INFO [2025-09-16 10:13:46] 
INFO [2025-09-16 10:13:46] $cat.fontface
INFO [2025-09-16 10:13:46] cat.fontface
INFO [2025-09-16 10:13:46] 
INFO [2025-09-16 10:13:46] $margin
INFO [2025-09-16 10:13:46] margin
INFO [2025-09-16 10:13:46] 
