INFO [2025-09-16 10:10:50] [[1]]
INFO [2025-09-16 10:10:50] x
INFO [2025-09-16 10:10:50] 
INFO [2025-09-16 10:10:50] $filename
INFO [2025-09-16 10:10:50] filename
INFO [2025-09-16 10:10:50] 
INFO [2025-09-16 10:10:50] $col
INFO [2025-09-16 10:10:50] col
INFO [2025-09-16 10:10:50] 
INFO [2025-09-16 10:10:50] $fill
INFO [2025-09-16 10:10:50] mycol[seq_len(n)]
INFO [2025-09-16 10:10:50] 
INFO [2025-09-16 10:10:50] $alpha
INFO [2025-09-16 10:10:50] alpha
INFO [2025-09-16 10:10:50] 
INFO [2025-09-16 10:10:50] $cex
INFO [2025-09-16 10:10:50] cex
INFO [2025-09-16 10:10:50] 
INFO [2025-09-16 10:10:50] $cat.col
INFO [2025-09-16 10:10:50] mycol[seq_len(n)]
INFO [2025-09-16 10:10:50] 
INFO [2025-09-16 10:10:50] $cat.cex
INFO [2025-09-16 10:10:50] cat.cex
INFO [2025-09-16 10:10:50] 
INFO [2025-09-16 10:10:50] $cat.fontface
INFO [2025-09-16 10:10:50] cat.fontface
INFO [2025-09-16 10:10:50] 
INFO [2025-09-16 10:10:50] $margin
INFO [2025-09-16 10:10:50] margin
INFO [2025-09-16 10:10:50] 
