INFO [2025-09-16 10:15:10] [[1]]
INFO [2025-09-16 10:15:10] x
INFO [2025-09-16 10:15:10] 
INFO [2025-09-16 10:15:10] $filename
INFO [2025-09-16 10:15:10] filename
INFO [2025-09-16 10:15:10] 
INFO [2025-09-16 10:15:10] $col
INFO [2025-09-16 10:15:10] col
INFO [2025-09-16 10:15:10] 
INFO [2025-09-16 10:15:10] $fill
INFO [2025-09-16 10:15:10] mycol[seq_len(n)]
INFO [2025-09-16 10:15:10] 
INFO [2025-09-16 10:15:10] $alpha
INFO [2025-09-16 10:15:10] alpha
INFO [2025-09-16 10:15:10] 
INFO [2025-09-16 10:15:10] $cex
INFO [2025-09-16 10:15:10] cex
INFO [2025-09-16 10:15:10] 
INFO [2025-09-16 10:15:10] $cat.col
INFO [2025-09-16 10:15:10] mycol[seq_len(n)]
INFO [2025-09-16 10:15:10] 
INFO [2025-09-16 10:15:10] $cat.cex
INFO [2025-09-16 10:15:10] cat.cex
INFO [2025-09-16 10:15:10] 
INFO [2025-09-16 10:15:10] $cat.fontface
INFO [2025-09-16 10:15:10] cat.fontface
INFO [2025-09-16 10:15:10] 
INFO [2025-09-16 10:15:10] $margin
INFO [2025-09-16 10:15:10] margin
INFO [2025-09-16 10:15:10] 
