INFO [2025-09-16 10:14:02] [[1]]
INFO [2025-09-16 10:14:02] x
INFO [2025-09-16 10:14:02] 
INFO [2025-09-16 10:14:02] $filename
INFO [2025-09-16 10:14:02] filename
INFO [2025-09-16 10:14:02] 
INFO [2025-09-16 10:14:02] $col
INFO [2025-09-16 10:14:02] col
INFO [2025-09-16 10:14:02] 
INFO [2025-09-16 10:14:02] $fill
INFO [2025-09-16 10:14:02] mycol[seq_len(n)]
INFO [2025-09-16 10:14:02] 
INFO [2025-09-16 10:14:02] $alpha
INFO [2025-09-16 10:14:02] alpha
INFO [2025-09-16 10:14:02] 
INFO [2025-09-16 10:14:02] $cex
INFO [2025-09-16 10:14:02] cex
INFO [2025-09-16 10:14:02] 
INFO [2025-09-16 10:14:02] $cat.col
INFO [2025-09-16 10:14:02] mycol[seq_len(n)]
INFO [2025-09-16 10:14:02] 
INFO [2025-09-16 10:14:02] $cat.cex
INFO [2025-09-16 10:14:02] cat.cex
INFO [2025-09-16 10:14:02] 
INFO [2025-09-16 10:14:02] $cat.fontface
INFO [2025-09-16 10:14:02] cat.fontface
INFO [2025-09-16 10:14:02] 
INFO [2025-09-16 10:14:02] $margin
INFO [2025-09-16 10:14:02] margin
INFO [2025-09-16 10:14:02] 
