INFO [2025-09-16 10:13:08] [[1]]
INFO [2025-09-16 10:13:08] x
INFO [2025-09-16 10:13:08] 
INFO [2025-09-16 10:13:08] $filename
INFO [2025-09-16 10:13:08] filename
INFO [2025-09-16 10:13:08] 
INFO [2025-09-16 10:13:08] $col
INFO [2025-09-16 10:13:08] col
INFO [2025-09-16 10:13:08] 
INFO [2025-09-16 10:13:08] $fill
INFO [2025-09-16 10:13:08] mycol[seq_len(n)]
INFO [2025-09-16 10:13:08] 
INFO [2025-09-16 10:13:08] $alpha
INFO [2025-09-16 10:13:08] alpha
INFO [2025-09-16 10:13:08] 
INFO [2025-09-16 10:13:08] $cex
INFO [2025-09-16 10:13:08] cex
INFO [2025-09-16 10:13:08] 
INFO [2025-09-16 10:13:08] $cat.col
INFO [2025-09-16 10:13:08] mycol[seq_len(n)]
INFO [2025-09-16 10:13:08] 
INFO [2025-09-16 10:13:08] $cat.cex
INFO [2025-09-16 10:13:08] cat.cex
INFO [2025-09-16 10:13:08] 
INFO [2025-09-16 10:13:08] $cat.fontface
INFO [2025-09-16 10:13:08] cat.fontface
INFO [2025-09-16 10:13:08] 
INFO [2025-09-16 10:13:08] $margin
INFO [2025-09-16 10:13:08] margin
INFO [2025-09-16 10:13:08] 
