INFO [2025-09-24 16:29:36] [[1]]
INFO [2025-09-24 16:29:36] x
INFO [2025-09-24 16:29:36] 
INFO [2025-09-24 16:29:36] $filename
INFO [2025-09-24 16:29:36] filename
INFO [2025-09-24 16:29:36] 
INFO [2025-09-24 16:29:36] $col
INFO [2025-09-24 16:29:36] col
INFO [2025-09-24 16:29:36] 
INFO [2025-09-24 16:29:36] $fill
INFO [2025-09-24 16:29:36] mycol[seq_len(n)]
INFO [2025-09-24 16:29:36] 
INFO [2025-09-24 16:29:36] $alpha
INFO [2025-09-24 16:29:36] alpha
INFO [2025-09-24 16:29:36] 
INFO [2025-09-24 16:29:36] $cex
INFO [2025-09-24 16:29:36] cex
INFO [2025-09-24 16:29:36] 
INFO [2025-09-24 16:29:36] $cat.col
INFO [2025-09-24 16:29:36] mycol[seq_len(n)]
INFO [2025-09-24 16:29:36] 
INFO [2025-09-24 16:29:36] $cat.cex
INFO [2025-09-24 16:29:36] cat.cex
INFO [2025-09-24 16:29:36] 
INFO [2025-09-24 16:29:36] $cat.fontface
INFO [2025-09-24 16:29:36] cat.fontface
INFO [2025-09-24 16:29:36] 
INFO [2025-09-24 16:29:36] $margin
INFO [2025-09-24 16:29:36] margin
INFO [2025-09-24 16:29:36] 
